<?xml version="1.0" encoding="UTF-8"?>
<testsuite xmlns:xsi="http://www.w3.org/2001/XMLSchema-instance" xsi:noNamespaceSchemaLocation="https://maven.apache.org/surefire/maven-surefire-plugin/xsd/surefire-test-report-3.0.xsd" version="3.0" name="runners.TestRunner" time="3.947" tests="1" errors="0" skipped="0" failures="0">
  <properties>
[...]
</properties>
  <testcase name="runScenario[&quot;Validate author information using data table&quot;, &quot;Verify author details from OpenLibrary API&quot;](1)" classname="runners.TestRunner" time="2.848">
    <system-out><![CDATA[
&amp#27;[1mScenario Outline:&amp#27;[22m Validate author information using data table                  &amp#27;[90m# src/test/java/features/authors.feature:10&amp#27;[39m
  &amp#27;[32m✔&amp#27;[39m &amp#27;[32m&amp#27;[1mGiven &amp#27;[22mI hit the OpenLibrary author endpoint &amp#27;[1m"OL1A"&amp#27;[22m&amp#27;[39m                          &amp#27;[90m# steps.AuthorSteps.i_hit_the_api(java.lang.String)&amp#27;[39m
  &amp#27;[32m✔&amp#27;[39m &amp#27;[32m&amp#27;[1mThen &amp#27;[22mthe personal_name should be &amp#27;[1m"Sachi Rautroy"&amp#27;[22m&amp#27;[39m                            &amp#27;[90m# steps.AuthorSteps.verify_personal_name(java.lang.String)&amp#27;[39m
  &amp#27;[32m✔&amp#27;[39m &amp#27;[32m&amp#27;[1mAnd &amp#27;[22mthe response should contain alternate name &amp#27;[1m"Yugashrashta Sachi Routray"&amp#27;[22m&amp#27;[39m &amp#27;[90m# steps.AuthorSteps.verify_alternate_name(java.lang.String)&amp#27;[39m
]]></system-out>
    <system-err><![CDATA[SLF4J: Failed to load class "org.slf4j.impl.StaticLoggerBinder".
SLF4J: Defaulting to no-operation (NOP) logger implementation
SLF4J: See http://www.slf4j.org/codes.html#StaticLoggerBinder for further details.
]]></system-err>
  </testcase>
</testsuite>