<?xml version="1.0" encoding="UTF-8"?>
<testng-results ignored="0" total="1" passed="1" failed="0" skipped="0">
  <reporter-output>
  </reporter-output>
  <suite started-at="2025-12-11T15:48:51 AEDT" name="Surefire suite" finished-at="2025-12-11T15:48:55 AEDT" duration-ms="3571">
    <groups>
      <group name="cucumber">
        <method signature="AbstractTestNGCucumberTests.runScenario(io.cucumber.testng.PickleWrapper,io.cucumber.testng.FeatureWrapper)[pri:0, instance:runners.TestRunner@15bb6bea]" name="runScenario" class="io.cucumber.testng.AbstractTestNGCucumberTests"/>
      </group> <!-- cucumber -->
    </groups>
    <test started-at="2025-12-11T15:48:51 AEDT" name="Surefire test" finished-at="2025-12-11T15:48:55 AEDT" duration-ms="3571">
      <class name="runners.TestRunner">
        <test-method is-config="true" signature="setUpClass(org.testng.ITestContext)[pri:0, instance:runners.TestRunner@15bb6bea]" started-at="2025-12-11T15:48:51 AEDT" name="setUpClass" finished-at="2025-12-11T15:48:52 AEDT" duration-ms="610" status="PASS">
          <params>
            <param index="0">
              <value>
                <![CDATA[org.testng.TestRunner@6459f4ea]]>
              </value>
            </param>
          </params>
          <reporter-output>
          </reporter-output>
        </test-method> <!-- setUpClass -->
        <test-method signature="runScenario(io.cucumber.testng.PickleWrapper,io.cucumber.testng.FeatureWrapper)[pri:0, instance:runners.TestRunner@15bb6bea]" started-at="2025-12-11T15:48:52 AEDT" name="runScenario" description="Runs Cucumber Scenarios" data-provider="scenarios" finished-at="2025-12-11T15:48:55 AEDT" duration-ms="2848" status="PASS">
          <params>
            <param index="0">
              <value>
                <![CDATA["Validate author information using data table"]]>
              </value>
            </param>
            <param index="1">
              <value>
                <![CDATA["Verify author details from OpenLibrary API"]]>
              </value>
            </param>
          </params>
          <reporter-output>
          </reporter-output>
        </test-method> <!-- runScenario -->
        <test-method is-config="true" signature="tearDownClass()[pri:0, instance:runners.TestRunner@15bb6bea]" started-at="2025-12-11T15:48:55 AEDT" name="tearDownClass" finished-at="2025-12-11T15:48:55 AEDT" duration-ms="84" status="PASS">
          <reporter-output>
          </reporter-output>
        </test-method> <!-- tearDownClass -->
      </class> <!-- runners.TestRunner -->
    </test> <!-- Surefire test -->
  </suite> <!-- Surefire suite -->
</testng-results>
